C:\USERS\ADMINISTRATOR\DESKTOP\CODE2\CODE\DEBUG\BUILDING.OBJ
C:\USERS\ADMINISTRATOR\DESKTOP\CODE2\CODE\DEBUG\MYGAME.OBJ
C:\USERS\ADMINISTRATOR\DESKTOP\CODE2\CODE\DEBUG\WINMAIN.OBJ
C:\USERS\ADMINISTRATOR\DESKTOP\CODE2\CODE\DEBUG\VC110.PDB
C:\USERS\ADMINISTRATOR\DESKTOP\CODE2\DEBUG\CODE.ILK
C:\USERS\ADMINISTRATOR\DESKTOP\CODE2\DEBUG\CODE.EXE
C:\USERS\ADMINISTRATOR\DESKTOP\CODE2\DEBUG\CODE.PDB
C:\Users\Administrator\Desktop\code2\code\Debug\Building.obj
C:\Users\Administrator\Desktop\code2\code\Debug\Mygame.obj
C:\Users\Administrator\Desktop\code2\code\Debug\WinMain.obj
C:\Users\Administrator\Desktop\code2\code\Debug\cl.command.1.tlog
C:\Users\Administrator\Desktop\code2\code\Debug\CL.read.1.tlog
C:\Users\Administrator\Desktop\code2\code\Debug\CL.write.1.tlog
C:\Users\Administrator\Desktop\code2\code\Debug\link-cvtres.read.1.tlog
C:\Users\Administrator\Desktop\code2\code\Debug\link-cvtres.write.1.tlog
C:\Users\Administrator\Desktop\code2\code\Debug\link-rc.read.1.tlog
C:\Users\Administrator\Desktop\code2\code\Debug\link-rc.write.1.tlog
C:\Users\Administrator\Desktop\code2\code\Debug\link.command.1.tlog
C:\Users\Administrator\Desktop\code2\code\Debug\link.read.1.tlog
C:\Users\Administrator\Desktop\code2\code\Debug\link.write.1.tlog
C:\Users\Administrator\Desktop\code2\code\Debug\vc110.idb
C:\Users\Administrator\Desktop\code2\code\Debug\vc110.pdb
C:\Users\Administrator\Desktop\code2\Debug\code.pdb
C:\Users\Administrator\Desktop\code2\Debug\code.exe
C:\Users\Administrator\Desktop\code2\Debug\code.ilk
